<?xml version="1.0" encoding="UTF-8"?>
<!-- Generated by org.testng.reporters.JUnitXMLReporter -->
<testsuite hostname="IE11Win7" name="Test" tests="5" failures="0" timestamp="2 May 2016 20:54:57 GMT" time="117.095" errors="0">
  <testcase name="myCollectionSignedIn" time="34.959" classname="src.reg.tests.event1.AssetStartFeature"/>
  <testcase name="movieDetailsSignedIn" time="31.056" classname="src.reg.tests.event1.AssetStartTrailer"/>
  <testcase name="generateEvent10" time="1.053" classname="src.reg.tests.event10.SignInStartFeatured"/>
  <testcase name="generateEvent31" time="2.332" classname="src.reg.tests.event31.SignInComplete"/>
  <testcase name="executeTest" time="1.837" classname="src.reg.tests.event52.NavigationClickMyCollection"/>
</testsuite> <!-- Test -->
