<?xml version="1.0" encoding="UTF-8"?>
<!-- Generated by org.testng.reporters.JUnitXMLReporter -->
<testsuite hostname="IE11Win7" name="Test" tests="4" failures="0" timestamp="3 May 2016 21:25:38 GMT" time="171.985" errors="0">
  <testcase name="myCollectionSignedIn" time="31.747" classname="src.reg.tests.event1.AssetStartFeature"/>
  <testcase name="movieDetailsSignedIn" time="35.798" classname="src.reg.tests.event1.AssetStartTrailer"/>
  <testcase name="bonusPlayMovieDetailsSignedIn" time="46.047" classname="src.reg.tests.event1.AssetStartBonus"/>
  <testcase name="bonusPlayMovieDetailsSignedIn" time="20.237" classname="src.reg.tests.event1.AssetStartDiscover"/>
</testsuite> <!-- Test -->
